[    0.000000] Initializing cgroup subsys cpuset
[    0.000000] Initializing cgroup subsys cpu
[    0.000000] Initializing cgroup subsys cpuacct
[    0.000000] Linux version 4.4.0-96-generic (buildd@lgw01-10) (gcc version 5.4.0 20160609 (Ubuntu 5.4.0-6ubuntu1~16.04.4) ) #119-Ubuntu SMP Tue Sep 12 14:59:54 UTC 2017 (Ubuntu 4.4.0-96.119-generic 4.4.83)
[    0.000000] Command line: BOOT_IMAGE=/boot/vmlinuz-4.4.0-96-generic root=LABEL=cloudimg-rootfs ro console=tty1 console=ttyS0
[    0.000000] KERNEL supported cpus:
[    0.000000]   Intel GenuineIntel
[    0.000000]   AMD AuthenticAMD
[    0.000000]   Centaur CentaurHauls
[    0.000000] ------------[ cut here ]------------
[    0.000000] WARNING: CPU: 0 PID: 0 at /build/linux-z2ccW0/linux-4.4.0/arch/x86/kernel/fpu/xstate.c:517 fpu__init_system_xstate+0x38b/0x75a()
[    0.000000] XSAVE consistency problem, dumping leaves
[    0.000000] Modules linked in:
[    0.000000] CPU: 0 PID: 0 Comm: swapper Not tainted 4.4.0-96-generic #119-Ubuntu
[    0.000000]  0000000000000086 aa1b9906bb22e785 ffffffff81e03d80 ffffffff813fabd3
[    0.000000]  ffffffff81e03dc8 ffffffff81caa650 ffffffff81e03db8 ffffffff810812e2
[    0.000000]  ffffffff81e03e48 ffffffff81e03e4c 0000000000000008 0000000000000100
[    0.000000] Call Trace:
[    0.000000]  [<ffffffff813fabd3>] dump_stack+0x63/0x90
[    0.000000]  [<ffffffff810812e2>] warn_slowpath_common+0x82/0xc0
[    0.000000]  [<ffffffff8108137c>] warn_slowpath_fmt+0x5c/0x80
[    0.000000]  [<ffffffff8107cff0>] ? xfeature_size+0x59/0x77
[    0.000000]  [<ffffffff81f6e20b>] fpu__init_system_xstate+0x38b/0x75a
[    0.000000]  [<ffffffff81f5e120>] ? early_idt_handler_array+0x120/0x120
[    0.000000]  [<ffffffff81f6db76>] fpu__init_system+0x10d/0x245
[    0.000000]  [<ffffffff81f6ec7f>] early_cpu_init+0x139/0x13e
[    0.000000]  [<ffffffff81f6ec7f>] ? early_cpu_init+0x139/0x13e
[    0.000000]  [<ffffffff81f6a181>] setup_arch+0xb4/0xcf6
[    0.000000]  [<ffffffff81f5e120>] ? early_idt_handler_array+0x120/0x120
[    0.000000]  [<ffffffff81f5ec74>] start_kernel+0xe4/0x4a2
[    0.000000]  [<ffffffff81f5e120>] ? early_idt_handler_array+0x120/0x120
[    0.000000]  [<ffffffff81f5e339>] x86_64_start_reservations+0x2a/0x2c
[    0.000000]  [<ffffffff81f5e485>] x86_64_start_kernel+0x14a/0x16d
[    0.000000] ---[ end trace 4d5ff9f2f68c4233 ]---
[    0.000000] CPUID[0d, 00]: eax=00000007 ebx=00000440 ecx=00000440 edx=00000000
[    0.000000] CPUID[0d, 01]: eax=00000000 ebx=000003c0 ecx=00000000 edx=00000000
[    0.000000] CPUID[0d, 02]: eax=00000100 ebx=00000240 ecx=00000000 edx=00000000
[    0.000000] CPUID[0d, 03]: eax=00000000 ebx=00000000 ecx=00000000 edx=00000000
[    0.000000] CPUID[0d, 04]: eax=00000000 ebx=00000000 ecx=00000000 edx=00000000
[    0.000000] CPUID[0d, 05]: eax=00000000 ebx=00000000 ecx=00000000 edx=00000000
[    0.000000] CPUID[0d, 06]: eax=00000000 ebx=00000000 ecx=00000000 edx=00000000
[    0.000000] CPUID[0d, 07]: eax=00000000 ebx=00000000 ecx=00000000 edx=00000000
[    0.000000] CPUID[0d, 08]: eax=00000000 ebx=00000000 ecx=00000000 edx=00000000
[    0.000000] CPUID[0d, 09]: eax=00000000 ebx=00000000 ecx=00000000 edx=00000000
[    0.000000] CPUID[0d, 0a]: eax=00000000 ebx=00000000 ecx=00000000 edx=00000000
[    0.000000] CPUID[0d, 0b]: eax=00000000 ebx=00000000 ecx=00000000 edx=00000000
[    0.000000] CPUID[0d, 0c]: eax=00000000 ebx=00000000 ecx=00000000 edx=00000000
[    0.000000] CPUID[0d, 0d]: eax=00000000 ebx=00000000 ecx=00000000 edx=00000000
[    0.000000] CPUID[0d, 0e]: eax=00000000 ebx=00000000 ecx=00000000 edx=00000000
[    0.000000] CPUID[0d, 0f]: eax=00000000 ebx=00000000 ecx=00000000 edx=00000000
[    0.000000] CPUID[0d, 10]: eax=00000000 ebx=00000000 ecx=00000000 edx=00000000
[    0.000000] CPUID[0d, 11]: eax=00000000 ebx=00000000 ecx=00000000 edx=00000000
[    0.000000] x86/fpu: xstate_offset[2]:  576, xstate_sizes[2]:  256
[    0.000000] x86/fpu: Supporting XSAVE feature 0x01: 'x87 floating point registers'
[    0.000000] x86/fpu: Supporting XSAVE feature 0x02: 'SSE registers'
[    0.000000] x86/fpu: Supporting XSAVE feature 0x04: 'AVX registers'
[    0.000000] x86/fpu: Enabled xstate features 0x7, context size is 1088 bytes, using 'standard' format.
[    0.000000] x86/fpu: Using 'lazy' FPU context switches.
[    0.000000] e820: BIOS-provided physical RAM map:
[    0.000000] BIOS-e820: [mem 0x0000000000000000-0x000000000009fbff] usable
[    0.000000] BIOS-e820: [mem 0x000000000009fc00-0x000000000009ffff] reserved
[    0.000000] BIOS-e820: [mem 0x00000000000f0000-0x00000000000fffff] reserved
[    0.000000] BIOS-e820: [mem 0x0000000000100000-0x00000000dffeffff] usable
[    0.000000] BIOS-e820: [mem 0x00000000dfff0000-0x00000000dfffffff] ACPI data
[    0.000000] BIOS-e820: [mem 0x00000000fec00000-0x00000000fec00fff] reserved
[    0.000000] BIOS-e820: [mem 0x00000000fee00000-0x00000000fee00fff] reserved
[    0.000000] BIOS-e820: [mem 0x00000000fffc0000-0x00000000ffffffff] reserved
[    0.000000] BIOS-e820: [mem 0x0000000100000000-0x000000011fffffff] usable
[    0.000000] NX (Execute Disable) protection: active
[    0.000000] SMBIOS 2.5 present.
[    0.000000] Hypervisor detected: KVM
[    0.000000] e820: last_pfn = 0x120000 max_arch_pfn = 0x400000000
[    0.000000] MTRR: Disabled
[    0.000000] x86/PAT: MTRRs disabled, skipping PAT initialization too.
[    0.000000] CPU MTRRs all blank - virtualized system.
[    0.000000] x86/PAT: Configuration [0-7]: WB  WT  UC- UC  WB  WT  UC- UC  
[    0.000000] e820: last_pfn = 0xdfff0 max_arch_pfn = 0x400000000
[    0.000000] found SMP MP-table at [mem 0x0009fff0-0x0009ffff] mapped at [ffff88000009fff0]
[    0.000000] Scanning 1 areas for low memory corruption
[    0.000000] RAMDISK: [mem 0x36ae6000-0x3756afff]
[    0.000000] ACPI: Early table checksum verification disabled
[    0.000000] ACPI: RSDP 0x00000000000E0000 000024 (v02 VBOX  )
[    0.000000] ACPI: XSDT 0x00000000DFFF0030 00003C (v01 VBOX   VBOXXSDT 00000001 ASL  00000061)
[    0.000000] ACPI: FACP 0x00000000DFFF00F0 0000F4 (v04 VBOX   VBOXFACP 00000001 ASL  00000061)
[    0.000000] ACPI: DSDT 0x00000000DFFF0470 0021C8 (v02 VBOX   VBOXBIOS 00000002 INTL 20160729)
[    0.000000] ACPI: FACS 0x00000000DFFF0200 000040
[    0.000000] ACPI: FACS 0x00000000DFFF0200 000040
[    0.000000] ACPI: APIC 0x00000000DFFF0240 00005C (v02 VBOX   VBOXAPIC 00000001 ASL  00000061)
[    0.000000] ACPI: SSDT 0x00000000DFFF02A0 0001CC (v01 VBOX   VBOXCPUT 00000002 INTL 20160729)
[    0.000000] No NUMA configuration found
[    0.000000] Faking a node at [mem 0x0000000000000000-0x000000011fffffff]
[    0.000000] NODE_DATA(0) allocated [mem 0x11fff7000-0x11fffbfff]
[    0.000000] kvm-clock: Using msrs 4b564d01 and 4b564d00
[    0.000000] kvm-clock: cpu 0, msr 1:1ffef001, primary cpu clock
[    0.000000] kvm-clock: using sched offset of 2962834915 cycles
[    0.000000] clocksource: kvm-clock: mask: 0xffffffffffffffff max_cycles: 0x1cd42e4dffb, max_idle_ns: 881590591483 ns
[    0.000000] Zone ranges:
[    0.000000]   DMA      [mem 0x0000000000001000-0x0000000000ffffff]
[    0.000000]   DMA32    [mem 0x0000000001000000-0x00000000ffffffff]
[    0.000000]   Normal   [mem 0x0000000100000000-0x000000011fffffff]
[    0.000000]   Device   empty
[    0.000000] Movable zone start for each node
[    0.000000] Early memory node ranges
[    0.000000]   node   0: [mem 0x0000000000001000-0x000000000009efff]
[    0.000000]   node   0: [mem 0x0000000000100000-0x00000000dffeffff]
[    0.000000]   node   0: [mem 0x0000000100000000-0x000000011fffffff]
[    0.000000] Initmem setup node 0 [mem 0x0000000000001000-0x000000011fffffff]
[    0.000000] ACPI: PM-Timer IO Port: 0x4008
[    0.000000] IOAPIC[0]: apic_id 2, version 32, address 0xfec00000, GSI 0-23
[    0.000000] ACPI: INT_SRC_OVR (bus 0 bus_irq 0 global_irq 2 dfl dfl)
[    0.000000] ACPI: INT_SRC_OVR (bus 0 bus_irq 9 global_irq 9 high level)
[    0.000000] Using ACPI (MADT) for SMP configuration information
[    0.000000] smpboot: Allowing 2 CPUs, 0 hotplug CPUs
[    0.000000] PM: Registered nosave memory: [mem 0x00000000-0x00000fff]
[    0.000000] PM: Registered nosave memory: [mem 0x0009f000-0x0009ffff]
[    0.000000] PM: Registered nosave memory: [mem 0x000a0000-0x000effff]
[    0.000000] PM: Registered nosave memory: [mem 0x000f0000-0x000fffff]
[    0.000000] PM: Registered nosave memory: [mem 0xdfff0000-0xdfffffff]
[    0.000000] PM: Registered nosave memory: [mem 0xe0000000-0xfebfffff]
[    0.000000] PM: Registered nosave memory: [mem 0xfec00000-0xfec00fff]
[    0.000000] PM: Registered nosave memory: [mem 0xfec01000-0xfedfffff]
[    0.000000] PM: Registered nosave memory: [mem 0xfee00000-0xfee00fff]
[    0.000000] PM: Registered nosave memory: [mem 0xfee01000-0xfffbffff]
[    0.000000] PM: Registered nosave memory: [mem 0xfffc0000-0xffffffff]
[    0.000000] e820: [mem 0xe0000000-0xfebfffff] available for PCI devices
[    0.000000] Booting paravirtualized kernel on KVM
[    0.000000] clocksource: refined-jiffies: mask: 0xffffffff max_cycles: 0xffffffff, max_idle_ns: 7645519600211568 ns
[    0.000000] setup_percpu: NR_CPUS:512 nr_cpumask_bits:512 nr_cpu_ids:2 nr_node_ids:1
[    0.000000] PERCPU: Embedded 34 pages/cpu @ffff88011fc00000 s98328 r8192 d32744 u1048576
[    0.000000] PV qspinlock hash table entries: 256 (order: 0, 4096 bytes)
[    0.000000] Built 1 zonelists in Node order, mobility grouping on.  Total pages: 1032057
[    0.000000] Policy zone: Normal
[    0.000000] Kernel command line: BOOT_IMAGE=/boot/vmlinuz-4.4.0-96-generic root=LABEL=cloudimg-rootfs ro console=tty1 console=ttyS0
[    0.000000] PID hash table entries: 4096 (order: 3, 32768 bytes)
[    0.000000] Memory: 4032304K/4193848K available (8479K kernel code, 1294K rwdata, 3984K rodata, 1492K init, 1316K bss, 161544K reserved, 0K cma-reserved)
[    0.000000] SLUB: HWalign=64, Order=0-3, MinObjects=0, CPUs=2, Nodes=1
[    0.000000] Hierarchical RCU implementation.
[    0.000000] 	Build-time adjustment of leaf fanout to 64.
[    0.000000] 	RCU restricting CPUs from NR_CPUS=512 to nr_cpu_ids=2.
[    0.000000] RCU: Adjusting geometry for rcu_fanout_leaf=64, nr_cpu_ids=2
[    0.000000] NR_IRQS:33024 nr_irqs:440 16
[    0.000000] Console: colour VGA+ 80x25
[    0.000000] console [tty1] enabled
[    0.000000] console [ttyS0] enabled
[    0.000000] tsc: Detected 2711.998 MHz processor
[    4.453277] Calibrating delay loop (skipped) preset value.. 5423.99 BogoMIPS (lpj=10847992)
[    4.454507] pid_max: default: 32768 minimum: 301
[    4.455166] ACPI: Core revision 20150930
[    4.456580] ACPI: 2 ACPI AML tables successfully acquired and loaded
[    4.457529] Security Framework initialized
[    4.458137] Yama: becoming mindful.
[    4.458702] AppArmor: AppArmor initialized
[    4.459880] Dentry cache hash table entries: 524288 (order: 10, 4194304 bytes)
[    4.463730] Inode-cache hash table entries: 262144 (order: 9, 2097152 bytes)
[    4.662149] Mount-cache hash table entries: 8192 (order: 4, 65536 bytes)
[    4.814707] Mountpoint-cache hash table entries: 8192 (order: 4, 65536 bytes)
[    4.937516] Initializing cgroup subsys io
[    5.054607] Initializing cgroup subsys memory
[    5.184387] Initializing cgroup subsys devices
[    5.321076] Initializing cgroup subsys freezer
[    5.421783] Initializing cgroup subsys net_cls
[    5.445338] Initializing cgroup subsys perf_event
[    5.486026] Initializing cgroup subsys net_prio
[    5.486774] Initializing cgroup subsys hugetlb
[    5.487504] Initializing cgroup subsys pids
[    5.488290] CPU: Physical Processor ID: 0
[    5.489014] CPU: Processor Core ID: 0
[    5.490766] mce: CPU supports 0 MCE banks
[    5.491491] Last level iTLB entries: 4KB 64, 2MB 8, 4MB 8
[    5.492329] Last level dTLB entries: 4KB 64, 2MB 0, 4MB 0, 1GB 4
[    5.495003] Freeing SMP alternatives memory: 32K
[    5.502821] ftrace: allocating 32146 entries in 126 pages
[    5.688048] smpboot: APIC(0) Converting physical 0 to logical package 0
[    5.884683] smpboot: Max logical packages: 1
[    6.016146] x2apic enabled
[    6.096343] Switched APIC routing to physical x2apic.
[    6.246651] ..TIMER: vector=0x30 apic1=0 pin1=2 apic2=-1 pin2=-1
[    6.532483] smpboot: CPU0: Intel(R) Core(TM) i7-6820HQ CPU @ 2.70GHz (family: 0x6, model: 0x5e, stepping: 0x3)
[    6.535269] Performance Events: unsupported p6 CPU model 94 no PMU driver, software events only.
[    6.536848] KVM setup paravirtual spinlock
[    6.538593] x86: Booting SMP configuration:
[    6.539293] .... node  #0, CPUs:      #1
[    6.540035] kvm-clock: cpu 1, msr 1:1ffef041, secondary cpu clock
[    6.546045] mce: CPU supports 0 MCE banks
[    6.548373] x86: Booted up 1 node, 2 CPUs
[    6.580234] smpboot: Total of 2 processors activated (10847.99 BogoMIPS)
[    6.673049] devtmpfs: initialized
[    6.769997] evm: security.selinux
[    6.867226] evm: security.SMACK64
[    6.964657] evm: security.SMACK64EXEC
[    7.072170] evm: security.SMACK64TRANSMUTE
[    7.195476] evm: security.SMACK64MMAP
[    7.298287] evm: security.ima
[    7.383361] evm: security.capability
[    7.491363] clocksource: jiffies: mask: 0xffffffff max_cycles: 0xffffffff, max_idle_ns: 7645041785100000 ns
[    7.582198] futex hash table entries: 512 (order: 3, 32768 bytes)
[    7.583331] pinctrl core: initialized pinctrl subsystem
[    7.590621] RTC time: 14:27:45, date: 10/11/17
[    7.591435] NET: Registered protocol family 16
[    7.601343] cpuidle: using governor ladder
[    7.673497] cpuidle: using governor menu
[    7.678241] PCCT header not found.
[    7.679026] ACPI: bus type PCI registered
[    7.679618] acpiphp: ACPI Hot Plug PCI Controller Driver version: 0.5
[    7.680519] PCI: Using configuration type 1 for base access
[    7.693726] ACPI: Added _OSI(Module Device)
[    7.699671] ACPI: Added _OSI(Processor Device)
[    7.700307] ACPI: Added _OSI(3.0 _SCP Extensions)
[    7.701012] ACPI: Added _OSI(Processor Aggregator Device)
[    7.702310] ACPI: Executed 1 blocks of module-level executable AML code
[    7.705684] ACPI: Interpreter enabled
[    7.706263] ACPI: (supports S0 S5)
[    7.706790] ACPI: Using IOAPIC for interrupt routing
[    7.707584] PCI: Using host bridge windows from ACPI; if necessary, use "pci=nocrs" and report a bug
[    7.711483] ACPI: PCI Root Bridge [PCI0] (domain 0000 [bus 00-ff])
[    7.714026] acpi PNP0A03:00: _OSC: OS supports [ASPM ClockPM Segments MSI]
[    7.714912] acpi PNP0A03:00: _OSC failed (AE_NOT_FOUND); disabling ASPM
[    7.715888] acpi PNP0A03:00: fail to add MMCONFIG information, can't access extended PCI configuration space under this bridge.
[    7.722887] PCI host bridge to bus 0000:00
[    7.725893] pci_bus 0000:00: root bus resource [io  0x0000-0x0cf7 window]
[    7.726769] pci_bus 0000:00: root bus resource [io  0x0d00-0xffff window]
[    7.727644] pci_bus 0000:00: root bus resource [mem 0x000a0000-0x000bffff window]
[    7.728842] pci_bus 0000:00: root bus resource [mem 0xe0000000-0xffdfffff window]
[    7.730005] pci_bus 0000:00: root bus resource [bus 00-ff]
[    7.731762] pci 0000:00:01.1: legacy IDE quirk: reg 0x10: [io  0x01f0-0x01f7]
[    7.734026] pci 0000:00:01.1: legacy IDE quirk: reg 0x14: [io  0x03f6]
[    7.734875] pci 0000:00:01.1: legacy IDE quirk: reg 0x18: [io  0x0170-0x0177]
[    7.735875] pci 0000:00:01.1: legacy IDE quirk: reg 0x1c: [io  0x0376]
[    7.787852] pci 0000:00:07.0: quirk: [io  0x4000-0x403f] claimed by PIIX4 ACPI
[    7.794330] pci 0000:00:07.0: quirk: [io  0x4100-0x410f] claimed by PIIX4 SMB
[    7.809866] ACPI: PCI Interrupt Link [LNKA] (IRQs 5 9 10 *11)
[    7.816467] ACPI: PCI Interrupt Link [LNKB] (IRQs 5 9 10 *11)
[    7.817651] ACPI: PCI Interrupt Link [LNKC] (IRQs 5 9 *10 11)
[    7.818779] ACPI: PCI Interrupt Link [LNKD] (IRQs 5 *9 10 11)
[    7.819966] ACPI: Enabled 2 GPEs in block 00 to 07
[    7.821102] vgaarb: setting as boot device: PCI:0000:00:02.0
[    7.821919] vgaarb: device added: PCI:0000:00:02.0,decodes=io+mem,owns=io+mem,locks=none
[    7.828473] vgaarb: loaded
[    7.828969] vgaarb: bridge control possible 0000:00:02.0
[    7.829957] SCSI subsystem initialized
[    7.830681] ACPI: bus type USB registered
[    7.831337] usbcore: registered new interface driver usbfs
[    7.833657] usbcore: registered new interface driver hub
[    7.834451] usbcore: registered new device driver usb
[    7.835538] PCI: Using ACPI for IRQ routing
[    7.837909] NetLabel: Initializing
[    7.838460] NetLabel:  domain hash size = 128
[    7.839184] NetLabel:  protocols = UNLABELED CIPSOv4
[    7.839903] NetLabel:  unlabeled traffic allowed by default
[    7.840817] amd_nb: Cannot enumerate AMD northbridges
[    7.841652] clocksource: Switched to clocksource kvm-clock
[    7.848434] AppArmor: AppArmor Filesystem Enabled
[    7.854577] pnp: PnP ACPI init
[    7.855700] pnp: PnP ACPI: found 3 devices
[    7.868089] clocksource: acpi_pm: mask: 0xffffff max_cycles: 0xffffff, max_idle_ns: 2085701024 ns
[    7.870647] NET: Registered protocol family 2
[    7.871433] TCP established hash table entries: 32768 (order: 6, 262144 bytes)
[    7.872634] TCP bind hash table entries: 32768 (order: 7, 524288 bytes)
[    7.873947] TCP: Hash tables configured (established 32768 bind 32768)
[    7.874867] UDP hash table entries: 2048 (order: 4, 65536 bytes)
[    7.875719] UDP-Lite hash table entries: 2048 (order: 4, 65536 bytes)
[    7.876599] NET: Registered protocol family 1
[    7.877248] pci 0000:00:00.0: Limiting direct PCI/PCI transfers
[    7.878109] pci 0000:00:01.0: Activating ISA DMA hang workarounds
[    7.879094] Unpacking initramfs...
[    9.304832] Freeing initrd memory: 10772K
[    9.419278] PCI-DMA: Using software bounce buffering for IO (SWIOTLB)
[    9.455373] software IO TLB [mem 0xdbff0000-0xdfff0000] (64MB) mapped at [ffff8800dbff0000-ffff8800dffeffff]
[    9.456736] platform rtc_cmos: registered platform RTC device (no PNP device found)
[    9.457851] Scanning for low memory corruption every 60 seconds
[    9.459163] audit: initializing netlink subsys (disabled)
[    9.459856] audit: type=2000 audit(1507732064.407:1): initialized
[    9.460843] Initialise system trusted keyring
[    9.461618] HugeTLB registered 2 MB page size, pre-allocated 0 pages
[    9.463594] zbud: loaded
[    9.464363] VFS: Disk quotas dquot_6.6.0
[    9.464940] VFS: Dquot-cache hash table entries: 512 (order 0, 4096 bytes)
[    9.466010] squashfs: version 4.0 (2009/01/31) Phillip Lougher
[    9.467147] fuse init (API version 7.23)
[    9.467824] Key type big_key registered
[    9.468377] Allocating IMA MOK and blacklist keyrings.
[    9.471011] Key type asymmetric registered
[    9.471598] Asymmetric key parser 'x509' registered
[    9.472315] Block layer SCSI generic (bsg) driver version 0.4 loaded (major 249)
[    9.473381] io scheduler noop registered
[    9.473971] io scheduler deadline registered (default)
[    9.474665] io scheduler cfq registered
[    9.475326] pci_hotplug: PCI Hot Plug PCI Core version: 0.5
[    9.476038] pciehp: PCI Express Hot Plug Controller Driver version: 0.4
[    9.476926] ACPI: AC Adapter [AC] (on-line)
[    9.477566] input: Power Button as /devices/LNXSYSTM:00/LNXPWRBN:00/input/input0
[    9.478679] ACPI: Power Button [PWRF]
[    9.479266] input: Sleep Button as /devices/LNXSYSTM:00/LNXSLPBN:00/input/input1
[    9.480334] ACPI: Sleep Button [SLPF]
[    9.481501] ACPI: Battery Slot [BAT0] (battery present)
[    9.482275] GHES: HEST is not enabled!
[    9.482895] Serial: 8250/16550 driver, 32 ports, IRQ sharing enabled
[    9.504907] 00:02: ttyS0 at I/O 0x3f8 (irq = 4, base_baud = 115200) is a 16550A
[    9.677041] Linux agpgart interface v0.103
[    9.680021] loop: module loaded
[    9.680995] scsi host0: ata_piix
[    9.681654] scsi host1: ata_piix
[    9.682246] ata1: PATA max UDMA/33 cmd 0x1f0 ctl 0x3f6 bmdma 0xd000 irq 14
[    9.782284] ata2: PATA max UDMA/33 cmd 0x170 ctl 0x376 bmdma 0xd008 irq 15
[   10.222387] libphy: Fixed MDIO Bus: probed
[   10.455260] tsc: Refined TSC clocksource calibration: 2714.368 MHz
[   10.455274] clocksource: tsc: mask: 0xffffffffffffffff max_cycles: 0x272043512e5, max_idle_ns: 440795219451 ns
[   10.726790] tun: Universal TUN/TAP device driver, 1.6
[   10.727479] tun: (C) 1999-2004 Max Krasnyansky <maxk@qualcomm.com>
[   10.899264] PPP generic driver version 2.4.2
[   11.128955] ehci_hcd: USB 2.0 'Enhanced' Host Controller (EHCI) Driver
[   11.522330] ehci-pci: EHCI PCI platform driver
[   11.739072] ehci-platform: EHCI generic platform driver
[   11.739954] ohci_hcd: USB 1.1 'Open' Host Controller (OHCI) Driver
[   11.746203] ohci-pci: OHCI PCI platform driver
[   11.747063] ohci-platform: OHCI generic platform driver
[   11.748023] uhci_hcd: USB Universal Host Controller Interface driver
[   11.749238] i8042: PNP: PS/2 Controller [PNP0303:PS2K,PNP0f03:PS2M] at 0x60,0x64 irq 1,12
[   11.751491] serio: i8042 KBD port at 0x60,0x64 irq 1
[   11.755934] serio: i8042 AUX port at 0x60,0x64 irq 12
[   11.756828] mousedev: PS/2 mouse device common for all mice
[   11.758049] input: AT Translated Set 2 keyboard as /devices/platform/i8042/serio0/input/input2
[   11.761864] rtc_cmos rtc_cmos: rtc core: registered rtc_cmos as rtc0
[   11.775914] rtc_cmos rtc_cmos: alarms up to one day, 114 bytes nvram
[   12.188933] i2c /dev entries driver
[   12.365684] device-mapper: uevent: version 1.0.3
[   12.366530] device-mapper: ioctl: 4.34.0-ioctl (2015-10-28) initialised: dm-devel@redhat.com
[   12.368005] ledtrig-cpu: registered to indicate activity on CPUs
[   12.369573] NET: Registered protocol family 10
[   12.370518] NET: Registered protocol family 17
[   12.371260] Key type dns_resolver registered
[   12.372206] microcode: CPU0 sig=0x506e3, pf=0x2, revision=0x0
[   12.375006] microcode: CPU1 sig=0x506e3, pf=0x2, revision=0x0
[   12.382544] microcode: Microcode Update Driver: v2.01 <tigran@aivazian.fsnet.co.uk>, Peter Oruba
[   12.383921] registered taskstats version 1
[   12.384567] Loading compiled-in X.509 certificates
[   12.385919] Loaded X.509 cert 'Build time autogenerated kernel key: b1a6ea8776bed2812c00d8a799f968274ef48628'
[   12.393123] zswap: loaded using pool lzo/zbud
[   12.395179] Key type trusted registered
[   12.398356] Key type encrypted registered
[   12.399044] AppArmor: AppArmor sha1 policy hashing enabled
[   12.399746] ima: No TPM chip found, activating TPM-bypass!
[   12.400457] evm: HMAC attrs: 0x1
[   12.401269]   Magic number: 5:262:485
[   12.402082] rtc_cmos rtc_cmos: setting system clock to 2017-10-11 14:27:50 UTC (1507732070)
[   12.403771] BIOS EDD facility v0.16 2004-Jun-25, 0 devices found
[   12.404810] EDD information not available.
[   12.406762] Freeing unused kernel memory: 1492K
[   12.430276] Write protecting the kernel read-only data: 14336k
[   12.435947] Freeing unused kernel memory: 1748K
[   12.438272] Freeing unused kernel memory: 112K
Loading, please wait...
starting version[   12.449193] random: systemd-udevd: uninitialized urandom read (16 bytes read, 3 bits of entropy available)
 229
[   12.449693] random: udevadm: uninitialized urandom read (16 bytes read, 3 bits of entropy available)
[   12.449853] random: udevadm: uninitialized urandom read (16 bytes read, 3 bits of entropy available)
[   12.449939] random: udevadm: uninitialized urandom read (16 bytes read, 3 bits of entropy available)
[   12.449971] random: udevadm: uninitialized urandom read (16 bytes read, 3 bits of entropy available)
[   12.450001] random: udevadm: uninitialized urandom read (16 bytes read, 3 bits of entropy available)
[   12.450030] random: udevadm: uninitialized urandom read (16 bytes read, 3 bits of entropy available)
[   12.450060] random: udevadm: uninitialized urandom read (16 bytes read, 3 bits of entropy available)
[   12.450092] random: udevadm: uninitialized urandom read (16 bytes read, 3 bits of entropy available)
[   12.450118] random: udevadm: uninitialized urandom read (16 bytes read, 3 bits of entropy available)
[   12.498458] e1000: Intel(R) PRO/1000 Network Driver - version 7.3.21-k8-NAPI
[   12.552556] e1000: Copyright (c) 1999-2006 Intel Corporation.
[   12.558229] Fusion MPT base driver 3.04.20
[   12.570252] Copyright (c) 1999-2008 LSI Corporation
[   12.575002] Fusion MPT SPI Host driver 3.04.20
[   12.616963] AVX version of gcm_enc/dec engaged.
[   12.622937] AES CTR mode by8 optimization enabled
[   12.812367] input: ImExPS/2 Generic Explorer Mouse as /devices/platform/i8042/serio1/input/input4
[   12.918088] e1000 0000:00:03.0 eth0: (PCI:33MHz:32-bit) 02:d3:33:50:ae:ce
[   13.124708] e1000 0000:00:03.0 eth0: Intel(R) PRO/1000 Network Connection
[   13.328482] e1000 0000:00:03.0 enp0s3: renamed from eth0
[   13.331490] mptbase: ioc0: Initiating bringup
[   13.403630] ioc0: LSI53C1030 A0: Capabilities={Initiator}
[   13.693874] scsi host2: ioc0: LSI53C1030 A0, FwRev=00000000h, Ports=1, MaxQ=256, IRQ=20
[   13.950977] scsi 2:0:0:0: Direct-Access     VBOX     HARDDISK         1.0  PQ: 0 ANSI: 5
[   13.961107] scsi target2:0:0: Beginning Domain Validation
[   13.966558] scsi target2:0:0: Domain Validation skipping write tests
[   13.970690] scsi target2:0:0: Ending Domain Validation
[   13.973332] scsi target2:0:0: asynchronous
[   13.976886] scsi 2:0:1:0: Direct-Access     VBOX     HARDDISK         1.0  PQ: 0 ANSI: 5
[   13.981865] scsi target2:0:1: Beginning Domain Validation
[   13.985298] scsi target2:0:1: Domain Validation skipping write tests
[   13.987186] scsi target2:0:1: Ending Domain Validation
[   13.988658] scsi target2:0:1: asynchronous
[   13.996100] sd 2:0:0:0: Attached scsi generic sg0 type 0
[   13.998219] sd 2:0:0:0: [sda] 20971520 512-byte logical blocks: (10.7 GB/10.0 GiB)
[   14.000103] sd 2:0:0:0: [sda] Write Protect is off
[   14.001077] sd 2:0:1:0: Attached scsi generic sg1 type 0
[   14.002067] sd 2:0:1:0: [sdb] 20480 512-byte logical blocks: (10.5 MB/10.0 MiB)
[   14.002167] sd 2:0:0:0: [sda] Incomplete mode parameter data
[   14.002168] sd 2:0:0:0: [sda] Assuming drive cache: write through
[   14.008524] sd 2:0:1:0: [sdb] Write Protect is off
[   14.010415]  sda: sda1
[   14.011842] sd 2:0:1:0: [sdb] Incomplete mode parameter data
[   14.012050] sd 2:0:0:0: [sda] Attached SCSI disk
[   14.016458] sd 2:0:1:0: [sdb] Assuming drive cache: write through
[   14.018616] sd 2:0:1:0: [sdb] Attached SCSI disk
[   15.654157] floppy0: no floppy controllers found
Begin: Loading e[   17.199574] md: linear personality registered for level -1
ssential drivers[   17.557623] md: multipath personality registered for level -4
 ... [   17.744575] md: raid0 personality registered for level 0
[   18.061737] md: raid1 personality registered for level 1
[   18.165701] raid6: sse2x1   gen()  9902 MB/s
[   18.357725] raid6: sse2x1   xor()  6314 MB/s
[   18.549716] raid6: sse2x2   gen() 12017 MB/s
[   18.741699] raid6: sse2x2   xor()  8281 MB/s
[   18.933712] raid6: sse2x4   gen() 13244 MB/s
[   19.125723] raid6: sse2x4   xor()  8245 MB/s
[   19.253482] raid6: using algorithm sse2x4 gen() 13244 MB/s
[   19.418148] raid6: .... xor() 8245 MB/s, rmw enabled
[   19.567028] raid6: using ssse3x2 recovery algorithm
[   19.715953] xor: automatically using best checksumming function:
[   20.135209]    avx       : 23950.000 MB/sec
[   20.152411] async_tx: api initialized (async)
[   20.229616] md: raid6 personality registered for level 6
[   20.396575] md: raid5 personality registered for level 5
[   20.565063] md: raid4 personality registered for level 4
[   20.730091] md: raid10 personality registered for level 10
done.
Begin: Running /scripts/init-p[   20.922662] Btrfs loaded
remount ... done.
Begin: Mounti[   21.102926] EXT4-fs (sda1): INFO: recovery required on readonly filesystem
ng root file system ... Begin: R[   21.196249] EXT4-fs (sda1): write access will be enabled during recovery
unning /scripts/local-top ... done.
Begin: Running /scripts/local-premount ... Scanning for Btrfs filesystems
done.
Warning: fsck not present, so skipping root file system
[   21.464828] EXT4-fs (sda1): recovery complete
[   21.470170] EXT4-fs (sda1): mounted filesystem with ordered data mode. Opts: (null)
done.
Begin: Running /scripts/local-bottom ... done.
Begin: Running /scripts/init-bottom ... done.
[   21.731334] systemd[1]: systemd 229 running in system mode. (+PAM +AUDIT +SELINUX +IMA +APPARMOR +SMACK +SYSVINIT +UTMP +LIBCRYPTSETUP +GCRYPT +GNUTLS +ACL +XZ -LZ4 +SECCOMP +BLKID +ELFUTILS +KMOD -IDN)
[   21.745936] systemd[1]: Detected virtualization oracle.
[   21.751572] systemd[1]: Detected architecture x86-64.

Welcome to [1mUbuntu 16.04.3 LTS[0m!

[   21.758517] systemd[1]: Set hostname to <ubuntu-xenial>.
[   21.918511] systemd[1]: Listening on /dev/initctl Compatibility Named Pipe.
[[0;32m  OK  [0m] Listening on /dev/initctl Compatibility Named Pipe.
[   22.198643] systemd[1]: Set up automount Arbitrary Executable File Formats File System Automount Point.
[[0;32m  OK  [0m] Set up automount Arbitrary Executab...ats File System Automount Point.
[   22.502635] systemd[1]: Started Forward Password Requests to Wall Directory Watch.
[[0;32m  OK  [0m] Started Forward Password Requests to Wall Directory Watch.
[   22.802627] systemd[1]: Listening on udev Kernel Socket.
[[0;32m  OK  [0m] Listening on udev Kernel Socket.
[   23.002385] systemd[1]: Created slice System Slice.
[[0;32m  OK  [0m] Created slice System Slice.
[   23.202241] systemd[1]: Listening on udev Control Socket.
[[0;32m  OK  [0m] Listening on udev Control Socket.
[   23.294166] systemd[1]: Listening on Journal Socket.
[[0;32m  OK  [0m] Listening on Journal Socket.
[   23.309890] systemd[1]: Starting Uncomplicated firewall...
[   23.469353] random: nonblocking pool is initialized
         Starting Uncomplicated firewall...
[   23.495085] systemd[1]: Starting Set console keymap...
         Starting Set console keymap...
[   23.689867] systemd[1]: Listening on Device-mapper event daemon FIFOs.
[[0;32m  OK  [0m] Listening on Device-mapper event daemon FIFOs.
[   23.950854] systemd[1]: Listening on Journal Socket (/dev/log).
[[0;32m  OK  [0m] Listening on Journal Socket (/dev/log).
[   24.190712] systemd[1]: Created slice system-serial\x2dgetty.slice.
[[0;32m  OK  [0m] Created slice system-serial\x2dgetty.slice.
[   24.389104] systemd[1]: Created slice User and Session Slice.
[[0;32m  OK  [0m] Created slice User and Session Slice.
[   24.390940] systemd[1]: Reached target Slices.
[[0;32m  OK  [0m] Reached target Slices.
[   24.392513] systemd[1]: Listening on LVM2 metadata daemon socket.
[[0;32m  OK  [0m] Listening on LVM2 metadata daemon socket.
[   24.406078] systemd[1]: Starting Monitoring of LVM2 mirrors, snapshots etc. using dmeventd or progress polling...
         Starting Monitoring of LVM2 mirrors... dmeventd or progress polling...
[   24.490473] systemd[1]: Starting Nameserver information manager...
         Starting Nameserver information manager...
[   24.709874] systemd[1]: Reached target User and Group Name Lookups.
[[0;32m  OK  [0m] Reached target User and Group Name Lookups.
[   24.766352] systemd[1]: Starting Create list of required static device nodes for the current kernel...
         Starting Create list of required st... nodes for the current kernel...
[   25.077791] systemd[1]: Mounting POSIX Message Queue File System...
         Mounting POSIX Message Queue File System...
[   25.250496] systemd[1]: Listening on Journal Audit Socket.
[[0;32m  OK  [0m] Listening on Journal Audit Socket.
[   25.387945] systemd[1]: Reached target Swap.
[[0;32m  OK  [0m] Reached target Swap.
[   25.390472] systemd[1]: Listening on LVM2 poll daemon socket.
[[0;32m  OK  [0m] Listening on LVM2 poll daemon socket.
[   25.401770] systemd[1]: Mounting Huge Pages File System...
         Mounting Huge Pages File System...
[   25.650290] systemd[1]: Starting Load Kernel Modules...
         Starting Load Ke[   25.813205] Loading iSCSI transport class v2.0-870.
rnel Modules...
[   26.163446] iscsi: registered transport (tcp)
[   26.425598] systemd[1]: Listening on Syslog Socket.
[[0;32m  OK  [0m] Listening on Syslog Socket.
[   26.444129] iscsi: registered transport (iser)
[   26.662228] systemd[1]: Starting Journal Service...
         Starting Journal Service...
[   26.861954] systemd[1]: Starting Remount Root and Kernel File Systems...
         [   27.063500] EXT4-fs (sda1): re-mounted. Opts: (null)
Starting Remount Root and Kernel File Systems...
[   27.274428] systemd[1]: Started Trigger resolvconf update for networkd DNS.
[[0;32m  OK  [0m] Started Trigger resolvconf update for networkd DNS.
[   27.489762] systemd[1]: Mounting Debug File System...
         Mounting Debug File System...
[   27.521916] systemd[1]: Reached target Encrypted Volumes.
[[0;32m  OK  [0m] Reached target Encrypted Volumes.
[   27.558857] systemd[1]: Mounted POSIX Message Queue File System.
[[0;32m  OK  [0m] Mounted POSIX Message Queue File System.
[   27.763980] systemd[1]: Mounted Huge Pages File System.
[[0;32m  OK  [0m] Mounted Huge Pages File System.
[   27.770496] systemd[1]: Mounted Debug File System.
[[0;32m  OK  [0m] Mounted Debug File System.
[   27.774133] systemd[1]: Started Journal Service.
[[0;32m  OK  [0m] Started Journal Service.
[[0;32m  OK  [0m] Started Uncomplicated firewall.
[[0;32m  OK  [0m] Started Set console keymap.
[[0;32m  OK  [0m] Started Create list of required sta...ce nodes for the current kernel.
[[0;32m  OK  [0m] Started Load Kernel Modules.
[[0;32m  OK  [0m] Started Remount Root and Kernel File Systems.
[[0;32m  OK  [0m] Started Nameserver information manager.
[[0;32m  OK  [0m] Started LVM2 metadata daemon.
         Starting udev Coldplug all Devices...
         Starting Initial cloud-init job (pre-networking)...
         Starting Load/Save Random Seed...
         Mounting FUSE Control File System...
         Starting Apply Kernel Variables...
         Starting Create Static Device Nodes in /dev...
         Starting Flush Journal to Persistent Storage...
[[0;32m  OK  [0m] Mounted FUSE Control File System.
[[0;32m  OK  [0m] Started Load/Save Random Seed.
[[0;32m  OK  [0m] Started Apply Kernel Variables.
[[0;32m  OK  [0m] Started Create Static Device Nodes in /dev.
[[0;32m  OK  [0m] Started udev Coldplug all Devices.
[[0;32m  OK  [0m] Started Monitoring of LVM2 mirrors,...ng dmeventd or progress polling.
[[0;32m  OK  [0m] Started Flush Journal to Persistent Storage.
         Starting udev Kernel Device Manager...
[[0;32m  OK  [0m] Started udev Kernel Device Manager.
[[0;32m  OK  [0m] Started Dispatch Password Requests to Console Directory Watch.
[[0;32m  OK  [0m] Reached target Local File Systems (Pre).
[[0;32m  OK  [0m] Reached target Local File Systems.
         Starting Set console font and keymap...
         Starting Create Volatile Files and Directories...
         Starting LSB: AppArmor initialization...
         Starting Tell Plymouth To Write Out Runtime Data...
[   21.191516] cloud-init[439]: Cloud-init v. 0.7.9 running 'init-local' at Wed, 11 Oct 2017 14:28:06 +0000. Up 20.90 seconds.
[[0;32m  OK  [0m] Started Create Volatile Files and Directories.
[[0;32m  OK  [0m] Started Set console font and keymap.
[[0;32m  OK  [0m] Started Tell Plymouth To Write Out Runtime Data.
[[0;32m  OK  [0m] Started Initial cloud-init job (pre-networking).
[[0;32m  OK  [0m] Found device /dev/ttyS0.
[[0;32m  OK  [0m] Listening on Load/Save RF Kill Switch Status /dev/rfkill Watch.
[[0;32m  OK  [0m] Reached target Network (Pre).
[[0;32m  OK  [0m] Created slice system-getty.slice.
         Starting Update UTMP about System Boot/Shutdown...
[[0;32m  OK  [0m] Reached target System Time Synchronized.
[[0;32m  OK  [0m] Started LSB: AppArmor initialization.
[[0;32m  OK  [0m] Started ifup for enp0s3.
         Starting Raise network interfaces...
[[0;32m  OK  [0m] Started Update UTMP about System Boot/Shutdown.
[[0;32m  OK  [0m] Started Raise network interfaces.
         Starting Initial cloud-init job (metadata service crawler)...
[[0;32m  OK  [0m] Reached target Network.
[   24.596274] cloud-init[966]: Cloud-init v. 0.7.9 running 'init' at Wed, 11 Oct 2017 14:28:09 +0000. Up 24.36 seconds.
[   24.601091] cloud-init[966]: ci-info: +++++++++++++++++++++++++++++++++++++Net device info++++++++++++++++++++++++++++++++++++++
[   24.604755] cloud-init[966]: ci-info: +--------+------+----------------------------+---------------+-------+-------------------+
[   24.607320] cloud-init[966]: ci-info: | Device |  Up  |          Address           |      Mask     | Scope |     Hw-Address    |
[   24.608812] cloud-init[966]: ci-info: +--------+------+----------------------------+---------------+-------+-------------------+
[   24.610318] cloud-init[966]: ci-info: | enp0s3 | True |         10.0.2.15          | 255.255.255.0 |   .   | 02:d3:33:50:ae:ce |
[   24.611805] cloud-init[966]: ci-info: | enp0s3 | True | fe80::d3:33ff:fe50:aece/64 |       .       |  link | 02:d3:33:50:ae:ce |
[   24.613372] cloud-init[966]: ci-info: |   lo   | True |         127.0.0.1          |   255.0.0.0   |   .   |         .         |
[   24.632443] cloud-init[966]: ci-info: |   lo   | True |          ::1/128           |       .       |  host |         .         |
[   24.707775] cloud-init[966]: ci-info: +--------+------+----------------------------+---------------+-------+-------------------+
[   24.741656] cloud-init[966]: ci-info: +++++++++++++++++++++++++++Route IPv4 info++++++++++++++++++++++++++++
[   24.741944] cloud-init[966]: ci-info: +-------+-------------+----------+---------------+-----------+-------+
[   24.742493] cloud-init[966]: ci-info: | Route | Destination | Gateway  |    Genmask    | Interface | Flags |
[   24.742790] cloud-init[966]: ci-info: +-------+-------------+----------+---------------+-----------+-------+
[   24.743101] cloud-init[966]: ci-info: |   0   |   0.0.0.0   | 10.0.2.2 |    0.0.0.0    |   enp0s3  |   UG  |
[   24.743405] cloud-init[966]: ci-info: |   1   |   10.0.2.0  | 0.0.0.0  | 255.255.255.0 |   enp0s3  |   U   |
[   24.743710] cloud-init[966]: ci-info: +-------+-------------+----------+---------------+-----------+-------+
[[0;32m  OK  [0m] Started Initial cloud-init job (metadata service crawler).
[[0;32m  OK  [0m] Reached target System Initialization.
[[0;32m  OK  [0m] Started ACPI Events Check.
[[0;32m  OK  [0m] Reached target Paths.
[[0;32m  OK  [0m] Listening on UUID daemon activation socket.
[[0;32m  OK  [0m] Listening on ACPID Listen Socket.
         Starting LXD - unix socket.
[[0;32m  OK  [0m] Started Daily Cleanup of Temporary Directories.
[[0;32m  OK  [0m] Listening on D-Bus System Message Bus Socket.
         Starting Socket activation for snappy daemon.
[[0;32m  OK  [0m] Started Timer to automatically fetch and run repair assertions.
[[0;32m  OK  [0m] Started Timer to automatically refresh installed snaps.
[[0;32m  OK  [0m] Reached target Network is Online.
         Starting iSCSI initiator daemon (iscsid)...
[[0;32m  OK  [0m] Started Daily apt download activities.
[[0;32m  OK  [0m] Started Daily apt upgrade and clean activities.
[[0;32m  OK  [0m] Reached target Timers.
[[0;32m  OK  [0m] Reached target Cloud-config availability.
[[0;32m  OK  [0m] Listening on LXD - unix socket.
[[0;32m  OK  [0m] Listening on Socket activation for snappy daemon.
[[0;32m  OK  [0m] Started iSCSI initiator daemon (iscsid).
         Starting Login to default iSCSI targets...
[[0;32m  OK  [0m] Reached target Sockets.
[[0;32m  OK  [0m] Reached target Basic System.
[[0;32m  OK  [0m] Started Regular background program processing daemon.
         Starting LSB: Record successful boot for GRUB...
         Starting Apply the settings specified in cloud-config...
[[0;32m  OK  [0m] Started Deferred execution scheduler.
[[0;32m  OK  [0m] Started ACPI event daemon.
[[0;32m  OK  [0m] Started Unattended Upgrades Shutdown.
         Starting Accounts Service...
[[0;32m  OK  [0m] Started FUSE filesystem for LXC.
         Starting OpenBSD Secure Shell server...
         Starting /etc/rc.local Compatibility...
         Starting LSB: MD monitoring daemon...
         Starting Snappy daemon...
         Starting Login Service...
[[0;32m  OK  [0m] Started D-Bus System Message Bus.
         Starting System Logging Service...
[   26.498190] cloud-init[1031]: Cloud-init v. 0.7.9 running 'modules:config' at Wed, 11 Oct 2017 14:28:11 +0000. Up 26.36 seconds.
         Starting LXD - container startup/shutdown...
[[0;32m  OK  [0m] Started OpenBSD Secure Shell server.
[[0;32m  OK  [0m] Started System Logging Service.
[[0;32m  OK  [0m] Started Snappy daemon.
[[0;32m  OK  [0m] Started Apply the settings specified in cloud-config.
[[0;32m  OK  [0m] Started /etc/rc.local Compatibility.
[[0;32m  OK  [0m] Started LXD - container startup/shutdown.
[[0;32m  OK  [0m] Started Login to default iSCSI targets.
[[0;32m  OK  [0m] Started LSB: Record successful boot for GRUB.
[[0;32m  OK  [0m] Started LSB: MD monitoring daemon.
[[0;32m  OK  [0m] Started Login Service.
         Starting Authenticate and Authorize Users to Run Privileged Tasks...
[[0;32m  OK  [0m] Reached target Remote File Systems (Pre).
[[0;32m  OK  [0m] Reached target Remote File Systems.
         Starting LSB: VirtualBox Linux Additions...
         Starting LSB: Set the CPU Frequency Scaling governor to "ondemand"...
         Starting LSB: daemon to balance interrupts for SMP systems...
         Starting Permit User Sessions...
         Starting LSB: automatic crash report generation...
         Starting Auto import assertions from block devices...
[[0;32m  OK  [0m] Started Permit User Sessions.
[[0;32m  OK  [0m] Started Auto import assertions from block devices.
[[0;32m  OK  [0m] Started Authenticate and Authorize Users to Run Privileged Tasks.
[[0;32m  OK  [0m] Started Accounts Service.
[[0;32m  OK  [0m] Started LSB: Set the CPU Frequency Scaling governor to "ondemand".
[[0;32m  OK  [0m] Started LSB: daemon to balance interrupts for SMP systems.
         Starting Terminate Plymouth Boot Screen...
         Starting Hold until boot process finishes up...
[[0;32m  OK  [0m] Started LSB: VirtualBox Linux Additions.
[[0;32m  OK  [0m] Started LSB: automatic crash report generation.
[[0;32m  OK  [0m] Started Terminate Plymouth Boot Screen.
[[0;32m  OK  [0m] Started Hold until boot process finishes up.
[[0;32m  OK  [0m] Started Getty on tty1.
[[0;32m  OK  [0m] Started Serial Getty on ttyS0.
[[0;32m  OK  [0m] Reached target Login Prompts.
         Starting Set console scheme...
[[0;32m  OK  [0m] Reached target Multi-User System.
[[0;32m  OK  [0m] Reached target Graphical Interface.
         Starting Execute cloud user/final scripts...
         Starting Update UTMP about System Runlevel Changes...
[[0;32m  OK  [0m] Started Set console scheme.
[[0;32m  OK  [0m] Started Update UTMP about System Runlevel Changes.
[[0;32m  OK  [0m] Created slice User Slice of ubuntu.
[[0;32m  OK  [0m] Started Session 1 of user ubuntu.
         Starting User Manager for UID 1000...
[[0;32m  OK  [0m] Started User Manager for UID 1000.
[   27.810708] cloud-init[1204]: Cloud-init v. 0.7.9 running 'modules:final' at Wed, 11 Oct 2017 14:28:13 +0000. Up 27.71 seconds.
[   27.836999] cloud-init[1204]: Cloud-init v. 0.7.9 finished at Wed, 11 Oct 2017 14:28:13 +0000. Datasource DataSourceNoCloud [seed=/dev/sdb][dsmode=net].  Up 27.80 seconds
[[0;32m  OK  [0m] Started Execute cloud user/final scripts.
[[0;32m  OK  [0m] Reached target Cloud-init target.

Ubuntu 16.04.3 LTS ubuntu-xenial ttyS0

ubuntu-xenial login: 